<?xml version="1.0" encoding="UTF-8"?>
<!-- Generated by org.testng.reporters.JUnitReportReporter -->
<testsuite hostname="DESKTOP-A7UJ949" failures="0" tests="3" name="sampleApiBDD.sampleApiBDD.GetReq" time="10.598" errors="0" timestamp="2023-06-14T17:02:48 IST" skipped="0">
  <testcase classname="sampleApiBDD.sampleApiBDD.GetReq" name="getFirstNameAndEmail" time="5.158"/>
  <system-out/>
  <testcase classname="sampleApiBDD.sampleApiBDD.GetReq" name="validateResponseCode" time="0.192"/>
  <system-out/>
  <testcase classname="sampleApiBDD.sampleApiBDD.GetReq" name="userDetailsPerId" time="5.248"/>
  <system-out/>
</testsuite> <!-- sampleApiBDD.sampleApiBDD.GetReq -->
