<?xml version="1.0" encoding="UTF-8"?>
<!-- Generated by org.testng.reporters.JUnitReportReporter -->
<testsuite hostname="DESKTOP-A7UJ949" failures="0" tests="3" name="sampleApiBDD.sampleApiBDD.PutReq" time="2.175" errors="0" timestamp="2023-05-25T19:57:12 IST" skipped="0">
  <testcase classname="sampleApiBDD.sampleApiBDD.PutReq" name="createNewUser" time="0.761"/>
  <system-out/>
  <testcase classname="sampleApiBDD.sampleApiBDD.PutReq" name="updateUser" time="0.734"/>
  <system-out/>
  <testcase classname="sampleApiBDD.sampleApiBDD.PutReq" name="validateUpdatedUser" time="0.680"/>
  <system-out/>
</testsuite> <!-- sampleApiBDD.sampleApiBDD.PutReq -->
