<?xml version="1.0" encoding="UTF-8"?>
<!-- Generated by org.testng.reporters.JUnitReportReporter -->
<testsuite hostname="DESKTOP-A7UJ949" failures="0" tests="3" name="sampleApiBDD.sampleApiBDD.PostReq" time="2.585" errors="0" timestamp="2023-05-25T19:57:12 IST" skipped="0">
  <testcase classname="sampleApiBDD.sampleApiBDD.PostReq" name="retrieveNewId" time="0.977"/>
  <system-out/>
  <testcase classname="sampleApiBDD.sampleApiBDD.PostReq" name="postRequest" time="0.892"/>
  <system-out/>
  <testcase classname="sampleApiBDD.sampleApiBDD.PostReq" name="validateUser" time="0.716"/>
  <system-out/>
</testsuite> <!-- sampleApiBDD.sampleApiBDD.PostReq -->
